Using pre-set license
Built from '2021.1/staging' branch; Version is '2021.1.7f1 (d91830b65d9b) revision 14227504'; Using compiler version '192528614'; Build Type 'Release'
OS: 'Windows 10 Home; OS build 19042.985; Version 2009; 64bit' Language: 'en' Physical Memory: 8034 MB
BatchMode: 1, IsHumanControllingUs: 0, StartBugReporterOnCrash: 0, Is64bit: 1, IsPro: 0

 COMMAND LINE ARGUMENTS:
C:\Program Files\Unity\Hub\Editor\2021.1.7f1\Editor\Unity.exe
-adb2
-batchMode
-noUpm
-name
AssetImportWorker0
-projectPath
C:/Users/macbe/Desktop/Bewijzenmap/Periode1.4/ExpandingSpace/ExpandingSpace/UnityProject
-logFile
Logs/AssetImportWorker0.log
-srvPort
50297
Successfully changed project path to: C:/Users/macbe/Desktop/Bewijzenmap/Periode1.4/ExpandingSpace/ExpandingSpace/UnityProject
C:/Users/macbe/Desktop/Bewijzenmap/Periode1.4/ExpandingSpace/ExpandingSpace/UnityProject
Using Asset Import Pipeline V2.
Refreshing native plugins compatible for Editor in 69.58 ms, found 1 plugins.
Preloading 0 native plugins for Editor in 0.00 ms.
Initialize engine version: 2021.1.7f1 (d91830b65d9b)
[Subsystems] Discovering subsystems at path C:/Program Files/Unity/Hub/Editor/2021.1.7f1/Editor/Data/Resources/UnitySubsystems
[Subsystems] Discovering subsystems at path C:/Users/macbe/Desktop/Bewijzenmap/Periode1.4/ExpandingSpace/ExpandingSpace/UnityProject/Assets
GfxDevice: creating device client; threaded=0; jobified=0
Direct3D:
    Version:  Direct3D 11.0 [level 11.1]
    Renderer: NVIDIA GeForce GTX 1050 (ID=0x1c91)
    Vendor:   NVIDIA
    VRAM:     2996 MB
    Driver:   26.21.14.3190
Initialize mono
Mono path[0] = 'C:/Program Files/Unity/Hub/Editor/2021.1.7f1/Editor/Data/Managed'
Mono path[1] = 'C:/Program Files/Unity/Hub/Editor/2021.1.7f1/Editor/Data/MonoBleedingEdge/lib/mono/unityjit'
Mono config path = 'C:/Program Files/Unity/Hub/Editor/2021.1.7f1/Editor/Data/MonoBleedingEdge/etc'
Using monoOptions --debugger-agent=transport=dt_socket,embedding=1,server=y,suspend=n,address=127.0.0.1:56860
Begin MonoManager ReloadAssembly
Registering precompiled unity dll's ...
Register platform support module: C:/Program Files/Unity/Hub/Editor/2021.1.7f1/Editor/Data/PlaybackEngines/WindowsStandaloneSupport/UnityEditor.WindowsStandalone.Extensions.dll
Registered in 0.003943 seconds.
Native extension for WindowsStandalone target not found
Refreshing native plugins compatible for Editor in 52.87 ms, found 1 plugins.
Preloading 0 native plugins for Editor in 0.00 ms.
Mono: successfully reloaded assembly
- Completed reload, in  4.194 seconds
Platform modules already initialized, skipping
Registering precompiled user dll's ...
Registered in 0.003256 seconds.
Begin MonoManager ReloadAssembly
Native extension for WindowsStandalone target not found
Refreshing native plugins compatible for Editor in 44.03 ms, found 1 plugins.
Preloading 0 native plugins for Editor in 0.00 ms.
Mono: successfully reloaded assembly
- Completed reload, in  1.079 seconds
Platform modules already initialized, skipping
========================================================================
Worker process is ready to serve import requests
Launched and connected shader compiler UnityShaderCompiler.exe after 0.08 seconds
Refreshing native plugins compatible for Editor in 0.34 ms, found 1 plugins.
Preloading 0 native plugins for Editor in 0.00 ms.
Unloading 1830 Unused Serialized files (Serialized files now loaded: 0)
System memory in use before: 87.6 MB.
System memory in use after: 87.5 MB.

Unloading 24 unused Assets to reduce memory usage. Loaded Objects now: 2287.
Total: 2.233200 ms (FindLiveObjects: 0.147000 ms CreateObjectMapping: 0.051600 ms MarkObjects: 1.891500 ms  DeleteObjects: 0.142300 ms)

========================================================================
Received Import Request.
  path: Assets
  artifactKey: Guid(00000000000000001000000000000000) Importer(815301076,1909f56bfc062723c751e8b465ee728b)
Start importing Assets using Guid(00000000000000001000000000000000) Importer(815301076,1909f56bfc062723c751e8b465ee728b)  -> (artifact id: 'a136212773665700e53849d449ac76cb') in 0.005828 seconds 
========================================================================
Received Import Request.
  Time since last request: 116.086977 seconds.
  path: Assets/Prefabs
  artifactKey: Guid(2c0eda2c4eb37ff4c8566d85ed90c7b2) Importer(815301076,1909f56bfc062723c751e8b465ee728b)
Start importing Assets/Prefabs using Guid(2c0eda2c4eb37ff4c8566d85ed90c7b2) Importer(815301076,1909f56bfc062723c751e8b465ee728b)  -> (artifact id: 'a10cb43355de6afc43c18a0a5950d347') in 0.005078 seconds 
========================================================================
Received Import Request.
  Time since last request: 11.242306 seconds.
  path: Assets/Scripts
  artifactKey: Guid(5791834da7c450b459c60ea14e33e556) Importer(815301076,1909f56bfc062723c751e8b465ee728b)
Start importing Assets/Scripts using Guid(5791834da7c450b459c60ea14e33e556) Importer(815301076,1909f56bfc062723c751e8b465ee728b)  -> (artifact id: '115ce959581a19a5f30258cbd1e8ab6d') in 0.004993 seconds 
========================================================================
Received Import Request.
  Time since last request: 61.348438 seconds.
  path: Assets/Scripts/NoteShmoovement.cs
  artifactKey: Guid(ca56a1e55add1434e848f7415c1c7713) Importer(815301076,1909f56bfc062723c751e8b465ee728b)
Start importing Assets/Scripts/NoteShmoovement.cs using Guid(ca56a1e55add1434e848f7415c1c7713) Importer(815301076,1909f56bfc062723c751e8b465ee728b)  -> (artifact id: '3cfee390c267d39ac6a2dfd8ee10cad1') in 0.028928 seconds 
========================================================================
Received Prepare
Registering precompiled user dll's ...
Registered in 0.002340 seconds.
Begin MonoManager ReloadAssembly
Native extension for WindowsStandalone target not found
Refreshing native plugins compatible for Editor in 0.32 ms, found 1 plugins.
Preloading 0 native plugins for Editor in 0.00 ms.
Mono: successfully reloaded assembly
- Completed reload, in  1.110 seconds
Platform modules already initialized, skipping
Refreshing native plugins compatible for Editor in 0.36 ms, found 1 plugins.
Preloading 0 native plugins for Editor in 0.00 ms.
Unloading 1826 Unused Serialized files (Serialized files now loaded: 0)
System memory in use before: 87.6 MB.
System memory in use after: 87.5 MB.

Unloading 12 unused Assets to reduce memory usage. Loaded Objects now: 2292.
Total: 2.454900 ms (FindLiveObjects: 0.165300 ms CreateObjectMapping: 0.068800 ms MarkObjects: 2.137100 ms  DeleteObjects: 0.082800 ms)

========================================================================
Received Prepare
Registering precompiled user dll's ...
Registered in 0.001521 seconds.
Begin MonoManager ReloadAssembly
Native extension for WindowsStandalone target not found
Refreshing native plugins compatible for Editor in 0.41 ms, found 1 plugins.
Preloading 0 native plugins for Editor in 0.00 ms.
Mono: successfully reloaded assembly
- Completed reload, in  1.043 seconds
Platform modules already initialized, skipping
Refreshing native plugins compatible for Editor in 0.31 ms, found 1 plugins.
Preloading 0 native plugins for Editor in 0.00 ms.
Unloading 1826 Unused Serialized files (Serialized files now loaded: 0)
System memory in use before: 87.6 MB.
System memory in use after: 87.6 MB.

Unloading 12 unused Assets to reduce memory usage. Loaded Objects now: 2296.
Total: 2.184700 ms (FindLiveObjects: 0.144600 ms CreateObjectMapping: 0.050200 ms MarkObjects: 1.899600 ms  DeleteObjects: 0.089300 ms)

========================================================================
Received Import Request.
  Time since last request: 216.800064 seconds.
  path: Assets/Scripts/NoteShmoovement.cs
  artifactKey: Guid(ca56a1e55add1434e848f7415c1c7713) Importer(815301076,1909f56bfc062723c751e8b465ee728b)
Start importing Assets/Scripts/NoteShmoovement.cs using Guid(ca56a1e55add1434e848f7415c1c7713) Importer(815301076,1909f56bfc062723c751e8b465ee728b)  -> (artifact id: '42a3b2593609bcccb590faa68c246920') in 0.004847 seconds 
========================================================================
Received Prepare
Registering precompiled user dll's ...
Registered in 0.000963 seconds.
Begin MonoManager ReloadAssembly
Native extension for WindowsStandalone target not found
Refreshing native plugins compatible for Editor in 0.32 ms, found 1 plugins.
Preloading 0 native plugins for Editor in 0.00 ms.
Mono: successfully reloaded assembly
- Completed reload, in  0.979 seconds
Platform modules already initialized, skipping
Refreshing native plugins compatible for Editor in 0.38 ms, found 1 plugins.
Preloading 0 native plugins for Editor in 0.00 ms.
Unloading 1826 Unused Serialized files (Serialized files now loaded: 0)
System memory in use before: 87.6 MB.
System memory in use after: 87.6 MB.

Unloading 12 unused Assets to reduce memory usage. Loaded Objects now: 2300.
Total: 2.507100 ms (FindLiveObjects: 0.149100 ms CreateObjectMapping: 0.061400 ms MarkObjects: 2.210000 ms  DeleteObjects: 0.085500 ms)

========================================================================
Received Prepare
Registering precompiled user dll's ...
Registered in 0.000935 seconds.
Begin MonoManager ReloadAssembly
Native extension for WindowsStandalone target not found
Refreshing native plugins compatible for Editor in 0.31 ms, found 1 plugins.
Preloading 0 native plugins for Editor in 0.00 ms.
Mono: successfully reloaded assembly
- Completed reload, in  0.961 seconds
Platform modules already initialized, skipping
Refreshing native plugins compatible for Editor in 0.31 ms, found 1 plugins.
Preloading 0 native plugins for Editor in 0.00 ms.
Unloading 1826 Unused Serialized files (Serialized files now loaded: 0)
System memory in use before: 87.7 MB.
System memory in use after: 87.6 MB.

Unloading 12 unused Assets to reduce memory usage. Loaded Objects now: 2304.
Total: 2.272200 ms (FindLiveObjects: 0.148000 ms CreateObjectMapping: 0.062700 ms MarkObjects: 1.981300 ms  DeleteObjects: 0.079500 ms)

========================================================================
Received Import Request.
  Time since last request: 119.602785 seconds.
  path: Assets/Scripts/Note
  artifactKey: Guid(a4618f1c9e5d09547bd296f0e760b16c) Importer(815301076,1909f56bfc062723c751e8b465ee728b)
Start importing Assets/Scripts/Note using Guid(a4618f1c9e5d09547bd296f0e760b16c) Importer(815301076,1909f56bfc062723c751e8b465ee728b)  -> (artifact id: 'd4db410c0e013220ff7462ce267905de') in 0.006006 seconds 
========================================================================
Received Prepare
Registering precompiled user dll's ...
Registered in 0.000884 seconds.
Begin MonoManager ReloadAssembly
Native extension for WindowsStandalone target not found
Refreshing native plugins compatible for Editor in 0.85 ms, found 1 plugins.
Preloading 0 native plugins for Editor in 0.00 ms.
Mono: successfully reloaded assembly
- Completed reload, in  1.119 seconds
Platform modules already initialized, skipping
Refreshing native plugins compatible for Editor in 0.37 ms, found 1 plugins.
Preloading 0 native plugins for Editor in 0.00 ms.
Unloading 1826 Unused Serialized files (Serialized files now loaded: 0)
System memory in use before: 87.7 MB.
System memory in use after: 87.7 MB.

Unloading 12 unused Assets to reduce memory usage. Loaded Objects now: 2308.
Total: 2.167100 ms (FindLiveObjects: 0.169500 ms CreateObjectMapping: 0.066700 ms MarkObjects: 1.844300 ms  DeleteObjects: 0.085700 ms)

AssetImportWorkerClient::OnTransportError - code=2 error=End of file
